Using pre-set license
Built from '2020.3/staging' branch; Version is '2020.3.4f1 (0abb6314276a) revision 703331'; Using compiler version '192528614'; Build Type 'Release'
OS: 'Windows 10 Home; OS build 22000.556; Version 2009; 64bit' Language: 'en' Physical Memory: 16180 MB
BatchMode: 1, IsHumanControllingUs: 0, StartBugReporterOnCrash: 0, Is64bit: 1, IsPro: 0

 COMMAND LINE ARGUMENTS:
C:\Program Files\Unity\2020.3.4f1\Editor\Unity.exe
-adb2
-batchMode
-noUpm
-name
AssetImportWorker0
-projectPath
C:/Users/sooir/Exam-3D-Dev/ExamenOpdracht
-logFile
Logs/AssetImportWorker0.log
-srvPort
65501
Successfully changed project path to: C:/Users/sooir/Exam-3D-Dev/ExamenOpdracht
C:/Users/sooir/Exam-3D-Dev/ExamenOpdracht
Using Asset Import Pipeline V2.
Refreshing native plugins compatible for Editor in 46.22 ms, found 0 plugins.
Preloading 0 native plugins for Editor in 0.00 ms.
Initialize engine version: 2020.3.4f1 (0abb6314276a)
[Subsystems] Discovering subsystems at path C:/Program Files/Unity/2020.3.4f1/Editor/Data/Resources/UnitySubsystems
[Subsystems] Discovering subsystems at path C:/Users/sooir/Exam-3D-Dev/ExamenOpdracht/Assets
GfxDevice: creating device client; threaded=0
Direct3D:
    Version:  Direct3D 11.0 [level 11.1]
    Renderer: Intel(R) UHD Graphics (ID=0x9b41)
    Vendor:   
    VRAM:     8090 MB
    Driver:   27.20.100.8729
Initialize mono
Mono path[0] = 'C:/Program Files/Unity/2020.3.4f1/Editor/Data/Managed'
Mono path[1] = 'C:/Program Files/Unity/2020.3.4f1/Editor/Data/MonoBleedingEdge/lib/mono/unityjit'
Mono config path = 'C:/Program Files/Unity/2020.3.4f1/Editor/Data/MonoBleedingEdge/etc'
Using monoOptions --debugger-agent=transport=dt_socket,embedding=1,server=y,suspend=n,address=127.0.0.1:56676
Begin MonoManager ReloadAssembly
Registering precompiled unity dll's ...
Register platform support module: C:/Program Files/Unity/2020.3.4f1/Editor/Data/PlaybackEngines/WebGLSupport/UnityEditor.WebGL.Extensions.dll
Register platform support module: C:/Program Files/Unity/2020.3.4f1/Editor/Data/PlaybackEngines/WindowsStandaloneSupport/UnityEditor.WindowsStandalone.Extensions.dll
Registered in 0.006077 seconds.
Native extension for WindowsStandalone target not found
Native extension for WebGL target not found
Refreshing native plugins compatible for Editor in 42.85 ms, found 0 plugins.
Preloading 0 native plugins for Editor in 0.00 ms.
Mono: successfully reloaded assembly
- Completed reload, in  2.767 seconds
Platform modules already initialized, skipping
Registering precompiled user dll's ...
Registered in 0.002488 seconds.
Begin MonoManager ReloadAssembly
Native extension for WindowsStandalone target not found
Native extension for WebGL target not found
Refreshing native plugins compatible for Editor in 0.30 ms, found 0 plugins.
Preloading 0 native plugins for Editor in 0.00 ms.
Mono: successfully reloaded assembly
- Completed reload, in  1.430 seconds
Platform modules already initialized, skipping
========================================================================
Worker process is ready to serve import requests
Launched and connected shader compiler UnityShaderCompiler.exe after 0.07 seconds
Refreshing native plugins compatible for Editor in 0.30 ms, found 0 plugins.
Preloading 0 native plugins for Editor in 0.00 ms.
Unloading 1131 Unused Serialized files (Serialized files now loaded: 0)
System memory in use before: 65.3 MB.
System memory in use after: 65.4 MB.

Unloading 10 unused Assets to reduce memory usage. Loaded Objects now: 1575.
Total: 2.327400 ms (FindLiveObjects: 0.240400 ms CreateObjectMapping: 0.076200 ms MarkObjects: 1.897300 ms  DeleteObjects: 0.110100 ms)

========================================================================
Received Import Request.
  path: Assets/HighQualityBricks&Walls/Materials/wall-846015.mat
  artifactKey: Guid(1e61acfa4b0498b4e86cede97f83468b) Importer(815301076,1909f56bfc062723c751e8b465ee728b)
Start importing Assets/HighQualityBricks&Walls/Materials/wall-846015.mat using Guid(1e61acfa4b0498b4e86cede97f83468b) Importer(815301076,1909f56bfc062723c751e8b465ee728b)  -> (artifact id: '2f20dbaa41d36030aa6c00f1d210b950') in 0.586333 seconds
  Import took 0.590850 seconds .

========================================================================
Received Import Request.
  Time since last request: 0.000852 seconds.
  path: Assets/HighQualityBricks&Walls/Materials/wood-731407.mat
  artifactKey: Guid(54f97bbe91406b0438be56a2f82a880e) Importer(815301076,1909f56bfc062723c751e8b465ee728b)
Start importing Assets/HighQualityBricks&Walls/Materials/wood-731407.mat using Guid(54f97bbe91406b0438be56a2f82a880e) Importer(815301076,1909f56bfc062723c751e8b465ee728b)  -> (artifact id: 'd5de37b9624deab8a9ae651c8d180693') in 0.232298 seconds
  Import took 0.235722 seconds .

========================================================================
Received Import Request.
  Time since last request: 0.000465 seconds.
  path: Assets/HighQualityBricks&Walls/Materials/wall-846013.mat
  artifactKey: Guid(d162a9a77600c6847951c4dab77526bc) Importer(815301076,1909f56bfc062723c751e8b465ee728b)
Start importing Assets/HighQualityBricks&Walls/Materials/wall-846013.mat using Guid(d162a9a77600c6847951c4dab77526bc) Importer(815301076,1909f56bfc062723c751e8b465ee728b)  -> (artifact id: 'fdc668031aa70dbb975c523ca144856f') in 0.242349 seconds
  Import took 0.246091 seconds .

========================================================================
Received Import Request.
  Time since last request: 0.000314 seconds.
  path: Assets/HighQualityBricks&Walls/Materials
  artifactKey: Guid(7a0bd03446fd5bd41bd435a643f11f8a) Importer(815301076,1909f56bfc062723c751e8b465ee728b)
Start importing Assets/HighQualityBricks&Walls/Materials using Guid(7a0bd03446fd5bd41bd435a643f11f8a) Importer(815301076,1909f56bfc062723c751e8b465ee728b)  -> (artifact id: '2d00ce744e64b671f789b45dd0b3fc03') in 0.010494 seconds
  Import took 0.015201 seconds .

========================================================================
Received Import Request.
  Time since last request: 0.000305 seconds.
  path: Assets/HighQualityBricks&Walls/Materials/wall-617961.mat
  artifactKey: Guid(6eefc055ee419ea49af280cd42314208) Importer(815301076,1909f56bfc062723c751e8b465ee728b)
Start importing Assets/HighQualityBricks&Walls/Materials/wall-617961.mat using Guid(6eefc055ee419ea49af280cd42314208) Importer(815301076,1909f56bfc062723c751e8b465ee728b)  -> (artifact id: 'b519924b3b3902247780ae89e0b95b4d') in 0.259322 seconds
  Import took 0.263582 seconds .

========================================================================
Received Import Request.
  Time since last request: 0.000297 seconds.
  path: Assets/HighQualityBricks&Walls/Materials/wood-938698.mat
  artifactKey: Guid(14efce1c30a92df4e823b240f2830d0f) Importer(815301076,1909f56bfc062723c751e8b465ee728b)
Start importing Assets/HighQualityBricks&Walls/Materials/wood-938698.mat using Guid(14efce1c30a92df4e823b240f2830d0f) Importer(815301076,1909f56bfc062723c751e8b465ee728b)  -> (artifact id: '440ba0c1c81a8e161d157d576a93f313') in 0.211018 seconds
  Import took 0.214497 seconds .

========================================================================
Received Import Request.
  Time since last request: 0.000227 seconds.
  path: Assets/HighQualityBricks&Walls/Materials/texture-709723.mat
  artifactKey: Guid(984311b2037358d418cdd4d650f62c52) Importer(815301076,1909f56bfc062723c751e8b465ee728b)
Start importing Assets/HighQualityBricks&Walls/Materials/texture-709723.mat using Guid(984311b2037358d418cdd4d650f62c52) Importer(815301076,1909f56bfc062723c751e8b465ee728b)  -> (artifact id: '42dc65aba1df952ec75bb14ca87200e4') in 0.211894 seconds
  Import took 0.214643 seconds .

========================================================================
Received Import Request.
  Time since last request: 0.000278 seconds.
  path: Assets/HighQualityBricks&Walls/Materials/stone-805287.mat
  artifactKey: Guid(8d0b4475c38df4240b5c2aba4d0f9182) Importer(815301076,1909f56bfc062723c751e8b465ee728b)
Start importing Assets/HighQualityBricks&Walls/Materials/stone-805287.mat using Guid(8d0b4475c38df4240b5c2aba4d0f9182) Importer(815301076,1909f56bfc062723c751e8b465ee728b)  -> (artifact id: 'e17a410c93cdfc256aac088cab4a6305') in 0.217760 seconds
  Import took 0.220576 seconds .

========================================================================
Received Import Request.
  Time since last request: 0.000350 seconds.
  path: Assets/HighQualityBricks&Walls/Materials/tile-846018.mat
  artifactKey: Guid(77826ad27882dcf4e8feded3f4ef9411) Importer(815301076,1909f56bfc062723c751e8b465ee728b)
Start importing Assets/HighQualityBricks&Walls/Materials/tile-846018.mat using Guid(77826ad27882dcf4e8feded3f4ef9411) Importer(815301076,1909f56bfc062723c751e8b465ee728b)  -> (artifact id: 'cdcb9cf6dfe29fa4107a0b7799236531') in 0.221940 seconds
  Import took 0.225803 seconds .

========================================================================
Received Import Request.
  Time since last request: 0.000276 seconds.
  path: Assets/HighQualityBricks&Walls/Materials/wood-877365.mat
  artifactKey: Guid(e75eb513962b3d042b8333dba21f4451) Importer(815301076,1909f56bfc062723c751e8b465ee728b)
Start importing Assets/HighQualityBricks&Walls/Materials/wood-877365.mat using Guid(e75eb513962b3d042b8333dba21f4451) Importer(815301076,1909f56bfc062723c751e8b465ee728b)  -> (artifact id: 'a426a70de265cf24db2c9f2d68264eb1') in 0.224126 seconds
  Import took 0.228312 seconds .

========================================================================
Received Import Request.
  Time since last request: 0.000256 seconds.
  path: Assets/HighQualityBricks&Walls/Materials/shading-671263.mat
  artifactKey: Guid(51f6d5f3d3b2114498dd47d6f5b59053) Importer(815301076,1909f56bfc062723c751e8b465ee728b)
Start importing Assets/HighQualityBricks&Walls/Materials/shading-671263.mat using Guid(51f6d5f3d3b2114498dd47d6f5b59053) Importer(815301076,1909f56bfc062723c751e8b465ee728b)  -> (artifact id: 'a3af9700611c80ca0e9e510d328e19fe') in 0.380857 seconds
  Import took 0.384503 seconds .

========================================================================
Received Import Request.
  Time since last request: 0.000224 seconds.
  path: Assets/HighQualityBricks&Walls/Materials/bricks-868344.mat
  artifactKey: Guid(171d305832c1ff8439b29868a108e89f) Importer(815301076,1909f56bfc062723c751e8b465ee728b)
Start importing Assets/HighQualityBricks&Walls/Materials/bricks-868344.mat using Guid(171d305832c1ff8439b29868a108e89f) Importer(815301076,1909f56bfc062723c751e8b465ee728b)  -> (artifact id: 'a4c79e2a8025e1543623d9cf0ad93c57') in 0.259437 seconds
  Import took 0.262036 seconds .

========================================================================
Received Import Request.
  Time since last request: 0.000238 seconds.
  path: Assets/HighQualityBricks&Walls/Materials/patch-924648.mat
  artifactKey: Guid(ab401e780d35a3e45ab242a36dc42d51) Importer(815301076,1909f56bfc062723c751e8b465ee728b)
Start importing Assets/HighQualityBricks&Walls/Materials/patch-924648.mat using Guid(ab401e780d35a3e45ab242a36dc42d51) Importer(815301076,1909f56bfc062723c751e8b465ee728b)  -> (artifact id: '012e6540fe04fe3211b118350d54c294') in 0.221974 seconds
  Import took 0.225689 seconds .

========================================================================
Received Import Request.
  Time since last request: 0.000249 seconds.
  path: Assets/HighQualityBricks&Walls/Materials/wood-877000.mat
  artifactKey: Guid(38f3f637bf4ee2f4985854efd0523b78) Importer(815301076,1909f56bfc062723c751e8b465ee728b)
Start importing Assets/HighQualityBricks&Walls/Materials/wood-877000.mat using Guid(38f3f637bf4ee2f4985854efd0523b78) Importer(815301076,1909f56bfc062723c751e8b465ee728b)  -> (artifact id: '7c3d8603cfd0cee2c367b5c56ede9a94') in 0.213114 seconds
  Import took 0.216162 seconds .

========================================================================
Received Import Request.
  Time since last request: 0.000305 seconds.
  path: Assets/HighQualityBricks&Walls/Materials/brick-957827.mat
  artifactKey: Guid(27348c2da388ee24aadf8472f82ad963) Importer(815301076,1909f56bfc062723c751e8b465ee728b)
Start importing Assets/HighQualityBricks&Walls/Materials/brick-957827.mat using Guid(27348c2da388ee24aadf8472f82ad963) Importer(815301076,1909f56bfc062723c751e8b465ee728b)  -> (artifact id: '71bbb3632273c3c7fefb53339ab53be3') in 0.236588 seconds
  Import took 0.239796 seconds .

========================================================================
Received Import Request.
  Time since last request: 0.000267 seconds.
  path: Assets/HighQualityBricks&Walls/Materials/brick-807728.mat
  artifactKey: Guid(3e46b23eb6516a34e8abad106a45e8c4) Importer(815301076,1909f56bfc062723c751e8b465ee728b)
Start importing Assets/HighQualityBricks&Walls/Materials/brick-807728.mat using Guid(3e46b23eb6516a34e8abad106a45e8c4) Importer(815301076,1909f56bfc062723c751e8b465ee728b)  -> (artifact id: '9e53d820c46cce04a8e3263123310a60') in 0.050608 seconds
  Import took 0.053723 seconds .

========================================================================
Received Import Request.
  Time since last request: 0.000247 seconds.
  path: Assets/HighQualityBricks&Walls/Materials/brick-957823.mat
  artifactKey: Guid(e66d282c1a589b740978ed3a03245fb4) Importer(815301076,1909f56bfc062723c751e8b465ee728b)
Start importing Assets/HighQualityBricks&Walls/Materials/brick-957823.mat using Guid(e66d282c1a589b740978ed3a03245fb4) Importer(815301076,1909f56bfc062723c751e8b465ee728b)  -> (artifact id: '8a1d83054999e81ded41f4b8df9eaa13') in 0.224979 seconds
  Import took 0.228269 seconds .

========================================================================
Received Import Request.
  Time since last request: 7.585795 seconds.
  path: Assets/HighQualityBricks&Walls/Images/brick-807728
  artifactKey: Guid(753072dd820224245a7ed954c83546b9) Importer(815301076,1909f56bfc062723c751e8b465ee728b)
Start importing Assets/HighQualityBricks&Walls/Images/brick-807728 using Guid(753072dd820224245a7ed954c83546b9) Importer(815301076,1909f56bfc062723c751e8b465ee728b)  -> (artifact id: 'd115d7e8478aee938b3dde01f49455d5') in 0.004509 seconds
  Import took 0.007652 seconds .

========================================================================
Received Import Request.
  Time since last request: 0.102712 seconds.
  path: Assets/HighQualityBricks&Walls/Images/brick-807728/brick-807728.png
  artifactKey: Guid(96bb926b90b82744693ee966a9a1b5a7) Importer(815301076,1909f56bfc062723c751e8b465ee728b)
Start importing Assets/HighQualityBricks&Walls/Images/brick-807728/brick-807728.png using Guid(96bb926b90b82744693ee966a9a1b5a7) Importer(815301076,1909f56bfc062723c751e8b465ee728b)  -> (artifact id: '82ee34bfbe288bab1e34fbc4a5ae8004') in 0.064635 seconds
  Import took 0.067849 seconds .

========================================================================
Received Import Request.
  Time since last request: 0.000226 seconds.
  path: Assets/HighQualityBricks&Walls/Images/brick-807728/brick-807728_normal.png
  artifactKey: Guid(a2265e5c21ada234eba9f2a74ff5c47f) Importer(815301076,1909f56bfc062723c751e8b465ee728b)
Start importing Assets/HighQualityBricks&Walls/Images/brick-807728/brick-807728_normal.png using Guid(a2265e5c21ada234eba9f2a74ff5c47f) Importer(815301076,1909f56bfc062723c751e8b465ee728b)  -> (artifact id: 'dd2c0aa4a0b9af8f53434f3af63df46f') in 0.047266 seconds
  Import took 0.050651 seconds .

========================================================================
Received Import Request.
  Time since last request: 0.000246 seconds.
  path: Assets/HighQualityBricks&Walls/Images/brick-807728/brick-807728_specular.png
  artifactKey: Guid(1b23143232b41204d85d761b07d58631) Importer(815301076,1909f56bfc062723c751e8b465ee728b)
Start importing Assets/HighQualityBricks&Walls/Images/brick-807728/brick-807728_specular.png using Guid(1b23143232b41204d85d761b07d58631) Importer(815301076,1909f56bfc062723c751e8b465ee728b)  -> (artifact id: '07630684e56e117a9b6790232c791aa2') in 0.023081 seconds
  Import took 0.027657 seconds .

========================================================================
Received Import Request.
  Time since last request: 249.034719 seconds.
  path: Assets/HighQualityBricks&Walls/Images
  artifactKey: Guid(4ac17a61accf297449e25a69a688de56) Importer(815301076,1909f56bfc062723c751e8b465ee728b)
Start importing Assets/HighQualityBricks&Walls/Images using Guid(4ac17a61accf297449e25a69a688de56) Importer(815301076,1909f56bfc062723c751e8b465ee728b)  -> (artifact id: 'da3345da631d71f8dd3cb486f4513f7d') in 0.009760 seconds
  Import took 0.013801 seconds .

========================================================================
Received Import Request.
  Time since last request: 20.415508 seconds.
  path: Assets/HighQualityBricks&Walls/Images/brick-807728/Materials
  artifactKey: Guid(4939f2226bbc053428367844577933af) Importer(815301076,1909f56bfc062723c751e8b465ee728b)
Start importing Assets/HighQualityBricks&Walls/Images/brick-807728/Materials using Guid(4939f2226bbc053428367844577933af) Importer(815301076,1909f56bfc062723c751e8b465ee728b)  -> (artifact id: '38bfb783f4dfee638fecb6287b7aa604') in 0.005031 seconds
  Import took 0.019245 seconds .

========================================================================
Received Import Request.
  Time since last request: 0.084529 seconds.
  path: Assets/HighQualityBricks&Walls/Images/brick-807728/Materials/brick-807728.mat
  artifactKey: Guid(6b412c53733abd443a0cb3db1b86df3b) Importer(815301076,1909f56bfc062723c751e8b465ee728b)
Start importing Assets/HighQualityBricks&Walls/Images/brick-807728/Materials/brick-807728.mat using Guid(6b412c53733abd443a0cb3db1b86df3b) Importer(815301076,1909f56bfc062723c751e8b465ee728b)  -> (artifact id: 'ef2aa1b3d7f210445080cd06596136a0') in 0.019927 seconds
  Import took 0.023079 seconds .

========================================================================
Received Import Request.
  Time since last request: 0.000319 seconds.
  path: Assets/HighQualityBricks&Walls/Images/brick-807728/Materials/brick-807728_specular.mat
  artifactKey: Guid(f8f59e459d1216f478f51ef084d88808) Importer(815301076,1909f56bfc062723c751e8b465ee728b)
Start importing Assets/HighQualityBricks&Walls/Images/brick-807728/Materials/brick-807728_specular.mat using Guid(f8f59e459d1216f478f51ef084d88808) Importer(815301076,1909f56bfc062723c751e8b465ee728b)  -> (artifact id: '343d4d58c50e0cc7b0c0ece440cdddb3') in 0.019351 seconds
  Import took 0.022284 seconds .

========================================================================
Received Import Request.
  Time since last request: 114.071861 seconds.
  path: Assets/HighQualityBricks&Walls/Images/wood-938698/wood-938698.png
  artifactKey: Guid(5392c04bd7d798942b5941ec4da3bece) Importer(815301076,1909f56bfc062723c751e8b465ee728b)
Start importing Assets/HighQualityBricks&Walls/Images/wood-938698/wood-938698.png using Guid(5392c04bd7d798942b5941ec4da3bece) Importer(815301076,1909f56bfc062723c751e8b465ee728b)  -> (artifact id: '283f048bf96a150be9552411b5c2454e') in 0.013229 seconds
  Import took 0.027760 seconds .

========================================================================
Received Import Request.
  Time since last request: 0.000310 seconds.
  path: Assets/HighQualityBricks&Walls/Images/wood-938698/wood-938698_specular.png
  artifactKey: Guid(4245369847a17a344a2d2b5cf3f42b98) Importer(815301076,1909f56bfc062723c751e8b465ee728b)
Start importing Assets/HighQualityBricks&Walls/Images/wood-938698/wood-938698_specular.png using Guid(4245369847a17a344a2d2b5cf3f42b98) Importer(815301076,1909f56bfc062723c751e8b465ee728b)  -> (artifact id: '1c47b2866911905488006b6f7a8ee35c') in 0.017552 seconds
  Import took 0.021658 seconds .

========================================================================
Received Import Request.
  Time since last request: 0.000268 seconds.
  path: Assets/HighQualityBricks&Walls/Images/wood-938698/wood-938698_normal.png
  artifactKey: Guid(fe32d945e0215e14c9b9d91c4596446d) Importer(815301076,1909f56bfc062723c751e8b465ee728b)
Start importing Assets/HighQualityBricks&Walls/Images/wood-938698/wood-938698_normal.png using Guid(fe32d945e0215e14c9b9d91c4596446d) Importer(815301076,1909f56bfc062723c751e8b465ee728b)  -> (artifact id: 'd9b08a68e559a886882e1c07fff16e73') in 0.027979 seconds
  Import took 0.031252 seconds .

========================================================================
Received Import Request.
  Time since last request: 2.920165 seconds.
  path: Assets/HighQualityBricks&Walls/Images/wall-846015/wall-846015.png
  artifactKey: Guid(55a63e17de5e83948b7888f41c46ae31) Importer(815301076,1909f56bfc062723c751e8b465ee728b)
Start importing Assets/HighQualityBricks&Walls/Images/wall-846015/wall-846015.png using Guid(55a63e17de5e83948b7888f41c46ae31) Importer(815301076,1909f56bfc062723c751e8b465ee728b)  -> (artifact id: 'b26a17a934dae99b15ac2113c52322a0') in 0.011966 seconds
  Import took 0.026315 seconds .

========================================================================
Received Import Request.
  Time since last request: 0.000312 seconds.
  path: Assets/HighQualityBricks&Walls/Images/wall-846015/wall-846015_normal.png
  artifactKey: Guid(3a66abf2aa93cc34681f0710ed7548c8) Importer(815301076,1909f56bfc062723c751e8b465ee728b)
Start importing Assets/HighQualityBricks&Walls/Images/wall-846015/wall-846015_normal.png using Guid(3a66abf2aa93cc34681f0710ed7548c8) Importer(815301076,1909f56bfc062723c751e8b465ee728b)  -> (artifact id: '3b31e1e8c266e94a196b2499ead429b6') in 0.018699 seconds
  Import took 0.021557 seconds .

========================================================================
Received Import Request.
  Time since last request: 0.000240 seconds.
  path: Assets/HighQualityBricks&Walls/Images/wall-846015/wall-846015_specular.png
  artifactKey: Guid(f1a437d3a3e7944408208fb7348eeaf4) Importer(815301076,1909f56bfc062723c751e8b465ee728b)
Start importing Assets/HighQualityBricks&Walls/Images/wall-846015/wall-846015_specular.png using Guid(f1a437d3a3e7944408208fb7348eeaf4) Importer(815301076,1909f56bfc062723c751e8b465ee728b)  -> (artifact id: 'bf9101a596024c21ff6d0f30782f896c') in 0.026646 seconds
  Import took 0.030339 seconds .

========================================================================
Received Import Request.
  Time since last request: 1.012145 seconds.
  path: Assets/HighQualityBricks&Walls/Images/wall-846013/wall-846013.png
  artifactKey: Guid(7e00d22e5dab32940b86bdeed68fb333) Importer(815301076,1909f56bfc062723c751e8b465ee728b)
Start importing Assets/HighQualityBricks&Walls/Images/wall-846013/wall-846013.png using Guid(7e00d22e5dab32940b86bdeed68fb333) Importer(815301076,1909f56bfc062723c751e8b465ee728b)  -> (artifact id: '6aefd2095711425ab2235c9dd4e2717d') in 0.013397 seconds
  Import took 0.016901 seconds .

========================================================================
Received Import Request.
  Time since last request: 0.000237 seconds.
  path: Assets/HighQualityBricks&Walls/Images/wall-846013/wall-846013_normal.png
  artifactKey: Guid(a7f3bff1c5952e84bbbb5d4c6d6b4d74) Importer(815301076,1909f56bfc062723c751e8b465ee728b)
Start importing Assets/HighQualityBricks&Walls/Images/wall-846013/wall-846013_normal.png using Guid(a7f3bff1c5952e84bbbb5d4c6d6b4d74) Importer(815301076,1909f56bfc062723c751e8b465ee728b)  -> (artifact id: '106593740223dee6bd40bb46a3162a61') in 0.020155 seconds
  Import took 0.023210 seconds .

========================================================================
Received Import Request.
  Time since last request: 0.000293 seconds.
  path: Assets/HighQualityBricks&Walls/Images/wall-846013/wall-846013_specular.png
  artifactKey: Guid(ecad5034e170ceb4a9d0d824b44947a6) Importer(815301076,1909f56bfc062723c751e8b465ee728b)
Start importing Assets/HighQualityBricks&Walls/Images/wall-846013/wall-846013_specular.png using Guid(ecad5034e170ceb4a9d0d824b44947a6) Importer(815301076,1909f56bfc062723c751e8b465ee728b)  -> (artifact id: '365446f149d15560f7ecbbf3f1764c7a') in 0.034453 seconds
  Import took 0.038678 seconds .

========================================================================
Received Import Request.
  Time since last request: 0.577504 seconds.
  path: Assets/HighQualityBricks&Walls/Images/wall-617961/wall-617961.png
  artifactKey: Guid(fdd045abac6b44b4f9c558e81e722e60) Importer(815301076,1909f56bfc062723c751e8b465ee728b)
Start importing Assets/HighQualityBricks&Walls/Images/wall-617961/wall-617961.png using Guid(fdd045abac6b44b4f9c558e81e722e60) Importer(815301076,1909f56bfc062723c751e8b465ee728b)  -> (artifact id: 'a184aba83c5ff39bffe78895e77316d9') in 0.025071 seconds
  Import took 0.027855 seconds .

========================================================================
Received Import Request.
  Time since last request: 0.000250 seconds.
  path: Assets/HighQualityBricks&Walls/Images/wall-617961/wall-617961_specular.png
  artifactKey: Guid(5c85fe163a46e41429d6b7a5bded2693) Importer(815301076,1909f56bfc062723c751e8b465ee728b)
Start importing Assets/HighQualityBricks&Walls/Images/wall-617961/wall-617961_specular.png using Guid(5c85fe163a46e41429d6b7a5bded2693) Importer(815301076,1909f56bfc062723c751e8b465ee728b)  -> (artifact id: 'a0c4dcd6cb22d850ac68044420cb858f') in 0.021790 seconds
  Import took 0.024581 seconds .

========================================================================
Received Import Request.
  Time since last request: 0.000292 seconds.
  path: Assets/HighQualityBricks&Walls/Images/wall-617961/wall-617961_normal.png
  artifactKey: Guid(18bb5079e6eafa94a85ed8ad8f12f5a4) Importer(815301076,1909f56bfc062723c751e8b465ee728b)
Start importing Assets/HighQualityBricks&Walls/Images/wall-617961/wall-617961_normal.png using Guid(18bb5079e6eafa94a85ed8ad8f12f5a4) Importer(815301076,1909f56bfc062723c751e8b465ee728b)  -> (artifact id: 'de7b4053360a091336a96a59fe22983b') in 0.026538 seconds
  Import took 0.030782 seconds .

========================================================================
Received Import Request.
  Time since last request: 0.703930 seconds.
  path: Assets/HighQualityBricks&Walls/Images/tile-846018/tile-846018.png
  artifactKey: Guid(5b67d1103800a2141a4c1624e281b778) Importer(815301076,1909f56bfc062723c751e8b465ee728b)
Start importing Assets/HighQualityBricks&Walls/Images/tile-846018/tile-846018.png using Guid(5b67d1103800a2141a4c1624e281b778) Importer(815301076,1909f56bfc062723c751e8b465ee728b)  -> (artifact id: '785a2bb960b97db0990cefc8ffd40359') in 0.013342 seconds
  Import took 0.016182 seconds .

========================================================================
Received Import Request.
  Time since last request: 0.000216 seconds.
  path: Assets/HighQualityBricks&Walls/Images/tile-846018/tile-846018_specular.png
  artifactKey: Guid(a68aea1a044ed524894f713d015247d5) Importer(815301076,1909f56bfc062723c751e8b465ee728b)
Start importing Assets/HighQualityBricks&Walls/Images/tile-846018/tile-846018_specular.png using Guid(a68aea1a044ed524894f713d015247d5) Importer(815301076,1909f56bfc062723c751e8b465ee728b)  -> (artifact id: 'ec21d528f21a4f1db1b1e31ad64b398f') in 0.019773 seconds
  Import took 0.032850 seconds .

========================================================================
Received Import Request.
  Time since last request: 0.000291 seconds.
  path: Assets/HighQualityBricks&Walls/Images/tile-846018/tile-846018_normal.png
  artifactKey: Guid(946fcbd549cc82549baec544e53477e6) Importer(815301076,1909f56bfc062723c751e8b465ee728b)
Start importing Assets/HighQualityBricks&Walls/Images/tile-846018/tile-846018_normal.png using Guid(946fcbd549cc82549baec544e53477e6) Importer(815301076,1909f56bfc062723c751e8b465ee728b)  -> (artifact id: 'f7b102632310c21c57b4377609692e7b') in 0.021993 seconds
  Import took 0.025217 seconds .

========================================================================
Received Import Request.
  Time since last request: 1.943276 seconds.
  path: Assets/HighQualityBricks&Walls/Images/texture-709723/texture-709723.png
  artifactKey: Guid(765982ebcb68a4243a427bb0df9bdc3b) Importer(815301076,1909f56bfc062723c751e8b465ee728b)
Start importing Assets/HighQualityBricks&Walls/Images/texture-709723/texture-709723.png using Guid(765982ebcb68a4243a427bb0df9bdc3b) Importer(815301076,1909f56bfc062723c751e8b465ee728b)  -> (artifact id: 'faca992ac98353f515663c1b6d86453b') in 0.019235 seconds
  Import took 0.022482 seconds .

========================================================================
Received Import Request.
  Time since last request: 0.000228 seconds.
  path: Assets/HighQualityBricks&Walls/Images/texture-709723/texture-709723_normal.png
  artifactKey: Guid(84760763bead7dd4c9720ba6d2ee78a7) Importer(815301076,1909f56bfc062723c751e8b465ee728b)
Start importing Assets/HighQualityBricks&Walls/Images/texture-709723/texture-709723_normal.png using Guid(84760763bead7dd4c9720ba6d2ee78a7) Importer(815301076,1909f56bfc062723c751e8b465ee728b)  -> (artifact id: 'e29e005643b18b5b7eb18bf9e3095bce') in 0.022964 seconds
  Import took 0.027872 seconds .

========================================================================
Received Import Request.
  Time since last request: 0.000311 seconds.
  path: Assets/HighQualityBricks&Walls/Images/texture-709723/texture-709723_specular.png
  artifactKey: Guid(5d6b7dcd0cf67bd4f8c7209b88321461) Importer(815301076,1909f56bfc062723c751e8b465ee728b)
Start importing Assets/HighQualityBricks&Walls/Images/texture-709723/texture-709723_specular.png using Guid(5d6b7dcd0cf67bd4f8c7209b88321461) Importer(815301076,1909f56bfc062723c751e8b465ee728b)  -> (artifact id: 'b80324c8830de4e0c72ff9e83b0effd8') in 0.021549 seconds
  Import took 0.025633 seconds .

========================================================================
Received Import Request.
  Time since last request: 0.281071 seconds.
  path: Assets/HighQualityBricks&Walls/Images/stone-805287/stone-805287.png
  artifactKey: Guid(5cdae53c11b7fdd4a98c13e697644f80) Importer(815301076,1909f56bfc062723c751e8b465ee728b)
Start importing Assets/HighQualityBricks&Walls/Images/stone-805287/stone-805287.png using Guid(5cdae53c11b7fdd4a98c13e697644f80) Importer(815301076,1909f56bfc062723c751e8b465ee728b)  -> (artifact id: '9c4e271d8e6f47a0be8b7083e74a5966') in 0.015772 seconds
  Import took 0.030132 seconds .

========================================================================
Received Import Request.
  Time since last request: 0.000304 seconds.
  path: Assets/HighQualityBricks&Walls/Images/stone-805287/stone-805287_normal.png
  artifactKey: Guid(b9d667abd7b70774b8b43097f77c3331) Importer(815301076,1909f56bfc062723c751e8b465ee728b)
Start importing Assets/HighQualityBricks&Walls/Images/stone-805287/stone-805287_normal.png using Guid(b9d667abd7b70774b8b43097f77c3331) Importer(815301076,1909f56bfc062723c751e8b465ee728b)  -> (artifact id: '0346a1bd0a79007212315b01860ef5e3') in 0.019056 seconds
  Import took 0.021985 seconds .

========================================================================
Received Import Request.
  Time since last request: 0.000286 seconds.
  path: Assets/HighQualityBricks&Walls/Images/stone-805287/stone-805287_specular.png
  artifactKey: Guid(49da89e97739aee4d9672ac724a0c102) Importer(815301076,1909f56bfc062723c751e8b465ee728b)
Start importing Assets/HighQualityBricks&Walls/Images/stone-805287/stone-805287_specular.png using Guid(49da89e97739aee4d9672ac724a0c102) Importer(815301076,1909f56bfc062723c751e8b465ee728b)  -> (artifact id: '76d013afb5bd57f8c7d4a450446f5e14') in 0.025494 seconds
  Import took 0.029072 seconds .

========================================================================
Received Import Request.
  Time since last request: 0.103164 seconds.
  path: Assets/HighQualityBricks&Walls/Images/shading-671263/shading-671263.png
  artifactKey: Guid(8cdd994fdb233d64fa6b87e18110778f) Importer(815301076,1909f56bfc062723c751e8b465ee728b)
Start importing Assets/HighQualityBricks&Walls/Images/shading-671263/shading-671263.png using Guid(8cdd994fdb233d64fa6b87e18110778f) Importer(815301076,1909f56bfc062723c751e8b465ee728b)  -> (artifact id: 'e0ce7727afc87026e5eaf012e33a7e1e') in 0.023801 seconds
  Import took 0.027188 seconds .

========================================================================
Received Import Request.
  Time since last request: 0.000209 seconds.
  path: Assets/HighQualityBricks&Walls/Images/shading-671263/shading-671263_normal.png
  artifactKey: Guid(4416e5d69b20f284589f730a87079dbe) Importer(815301076,1909f56bfc062723c751e8b465ee728b)
Start importing Assets/HighQualityBricks&Walls/Images/shading-671263/shading-671263_normal.png using Guid(4416e5d69b20f284589f730a87079dbe) Importer(815301076,1909f56bfc062723c751e8b465ee728b)  -> (artifact id: '382095a9f049a3e807a44503c9e01937') in 0.028576 seconds
  Import took 0.031903 seconds .

========================================================================
Received Import Request.
  Time since last request: 0.000313 seconds.
  path: Assets/HighQualityBricks&Walls/Images/shading-671263/shading-671263_specular.png
  artifactKey: Guid(ad21c2b87b5ad8f4aa0d60a41099e66f) Importer(815301076,1909f56bfc062723c751e8b465ee728b)
Start importing Assets/HighQualityBricks&Walls/Images/shading-671263/shading-671263_specular.png using Guid(ad21c2b87b5ad8f4aa0d60a41099e66f) Importer(815301076,1909f56bfc062723c751e8b465ee728b)  -> (artifact id: '7207719f2107b96fdec804291383d9dc') in 0.021847 seconds
  Import took 0.026195 seconds .

========================================================================
Received Import Request.
  Time since last request: 0.309746 seconds.
  path: Assets/HighQualityBricks&Walls/Images/patch-924648/patch-924648.png
  artifactKey: Guid(d0ce344b7076db546add968cda141891) Importer(815301076,1909f56bfc062723c751e8b465ee728b)
Start importing Assets/HighQualityBricks&Walls/Images/patch-924648/patch-924648.png using Guid(d0ce344b7076db546add968cda141891) Importer(815301076,1909f56bfc062723c751e8b465ee728b)  -> (artifact id: 'afb1db7e8a772c356bb89ac185ae6332') in 0.015752 seconds
  Import took 0.029189 seconds .

========================================================================
Received Import Request.
  Time since last request: 0.000252 seconds.
  path: Assets/HighQualityBricks&Walls/Images/patch-924648/patch-924648_specular.png
  artifactKey: Guid(472c14cab953abb4e9fc32f490b7f510) Importer(815301076,1909f56bfc062723c751e8b465ee728b)
Start importing Assets/HighQualityBricks&Walls/Images/patch-924648/patch-924648_specular.png using Guid(472c14cab953abb4e9fc32f490b7f510) Importer(815301076,1909f56bfc062723c751e8b465ee728b)  -> (artifact id: '8405a46bd1ee23eb5b2c668d18c3999e') in 0.020092 seconds
  Import took 0.023077 seconds .

========================================================================
Received Import Request.
  Time since last request: 0.000361 seconds.
  path: Assets/HighQualityBricks&Walls/Images/patch-924648/patch-924648_normal.png
  artifactKey: Guid(e2038a0801477d74e83c29a9295d15b3) Importer(815301076,1909f56bfc062723c751e8b465ee728b)
Start importing Assets/HighQualityBricks&Walls/Images/patch-924648/patch-924648_normal.png using Guid(e2038a0801477d74e83c29a9295d15b3) Importer(815301076,1909f56bfc062723c751e8b465ee728b)  -> (artifact id: '400d235cf9c7e89c02e255f47d3bb502') in 0.025934 seconds
  Import took 0.030236 seconds .

========================================================================
Received Import Request.
  Time since last request: 0.101676 seconds.
  path: Assets/HighQualityBricks&Walls/Images/bricks-868344/bricks-868344.png
  artifactKey: Guid(a92a5894aa2810d46a3982fe1a02d0a4) Importer(815301076,1909f56bfc062723c751e8b465ee728b)
Start importing Assets/HighQualityBricks&Walls/Images/bricks-868344/bricks-868344.png using Guid(a92a5894aa2810d46a3982fe1a02d0a4) Importer(815301076,1909f56bfc062723c751e8b465ee728b)  -> (artifact id: '37703c121c39b744c68db35e18edcea8') in 0.019893 seconds
  Import took 0.023920 seconds .

========================================================================
Received Import Request.
  Time since last request: 0.000292 seconds.
  path: Assets/HighQualityBricks&Walls/Images/bricks-868344/bricks-868344_normal.png
  artifactKey: Guid(09ebd21bab5296847877d5b8a32e8d05) Importer(815301076,1909f56bfc062723c751e8b465ee728b)
Start importing Assets/HighQualityBricks&Walls/Images/bricks-868344/bricks-868344_normal.png using Guid(09ebd21bab5296847877d5b8a32e8d05) Importer(815301076,1909f56bfc062723c751e8b465ee728b)  -> (artifact id: '95b3de43ff9fc4057fa4da8bc51fa9b9') in 0.020752 seconds
  Import took 0.024701 seconds .

========================================================================
Received Import Request.
  Time since last request: 0.000451 seconds.
  path: Assets/HighQualityBricks&Walls/Images/bricks-868344/bricks-868344_specular.png
  artifactKey: Guid(37f1785902c31014e870ecdff41df12b) Importer(815301076,1909f56bfc062723c751e8b465ee728b)
Start importing Assets/HighQualityBricks&Walls/Images/bricks-868344/bricks-868344_specular.png using Guid(37f1785902c31014e870ecdff41df12b) Importer(815301076,1909f56bfc062723c751e8b465ee728b)  -> (artifact id: '487df95588461b7e991121b69b750743') in 0.022080 seconds
  Import took 0.026402 seconds .

========================================================================
Received Import Request.
  Time since last request: 0.084148 seconds.
  path: Assets/HighQualityBricks&Walls/Images/brick-957827/brick-957827.png
  artifactKey: Guid(a37f1d4f17c3bb4459ea1285dc7387ce) Importer(815301076,1909f56bfc062723c751e8b465ee728b)
Start importing Assets/HighQualityBricks&Walls/Images/brick-957827/brick-957827.png using Guid(a37f1d4f17c3bb4459ea1285dc7387ce) Importer(815301076,1909f56bfc062723c751e8b465ee728b)  -> (artifact id: '3d406942194e2679af6726a95958f511') in 0.019749 seconds
  Import took 0.023313 seconds .

========================================================================
Received Import Request.
  Time since last request: 0.000249 seconds.
  path: Assets/HighQualityBricks&Walls/Images/brick-957827/brick-957827_specular.png
  artifactKey: Guid(5fa9532a887c3e74ea6e585e3ea21cfa) Importer(815301076,1909f56bfc062723c751e8b465ee728b)
Start importing Assets/HighQualityBricks&Walls/Images/brick-957827/brick-957827_specular.png using Guid(5fa9532a887c3e74ea6e585e3ea21cfa) Importer(815301076,1909f56bfc062723c751e8b465ee728b)  -> (artifact id: '6acf84ca023859d7c188c31a69aaba09') in 0.023239 seconds
  Import took 0.027623 seconds .

========================================================================
Received Import Request.
  Time since last request: 0.000273 seconds.
  path: Assets/HighQualityBricks&Walls/Images/brick-957827/brick-957827_normal.png
  artifactKey: Guid(5196092d8a261af45a31acae191aa3ab) Importer(815301076,1909f56bfc062723c751e8b465ee728b)
Start importing Assets/HighQualityBricks&Walls/Images/brick-957827/brick-957827_normal.png using Guid(5196092d8a261af45a31acae191aa3ab) Importer(815301076,1909f56bfc062723c751e8b465ee728b)  -> (artifact id: '347a59f7e8de138ff29b9851afc1ceab') in 0.031570 seconds
  Import took 0.036471 seconds .

========================================================================
Received Import Request.
  Time since last request: 0.077090 seconds.
  path: Assets/HighQualityBricks&Walls/Images/brick-957823/brick-957823.png
  artifactKey: Guid(1b81dacc68f5b89489a158fbeec3a7af) Importer(815301076,1909f56bfc062723c751e8b465ee728b)
Start importing Assets/HighQualityBricks&Walls/Images/brick-957823/brick-957823.png using Guid(1b81dacc68f5b89489a158fbeec3a7af) Importer(815301076,1909f56bfc062723c751e8b465ee728b)  -> (artifact id: 'bf3aa463989613ecf0d4d30d20205bfc') in 0.018753 seconds
  Import took 0.022504 seconds .

========================================================================
Received Import Request.
  Time since last request: 0.000237 seconds.
  path: Assets/HighQualityBricks&Walls/Images/brick-957823/brick-957823_specular.png
  artifactKey: Guid(2acc4043e712b29499e40abcb1600154) Importer(815301076,1909f56bfc062723c751e8b465ee728b)
Start importing Assets/HighQualityBricks&Walls/Images/brick-957823/brick-957823_specular.png using Guid(2acc4043e712b29499e40abcb1600154) Importer(815301076,1909f56bfc062723c751e8b465ee728b)  -> (artifact id: 'a6274556b1377cfd8424f54903d9a282') in 0.021055 seconds
  Import took 0.026703 seconds .

========================================================================
Received Import Request.
  Time since last request: 0.000299 seconds.
  path: Assets/HighQualityBricks&Walls/Images/brick-957823/brick-957823_normal.png
  artifactKey: Guid(bc5c58ffefebace418a2a63ba7fc82c8) Importer(815301076,1909f56bfc062723c751e8b465ee728b)
Start importing Assets/HighQualityBricks&Walls/Images/brick-957823/brick-957823_normal.png using Guid(bc5c58ffefebace418a2a63ba7fc82c8) Importer(815301076,1909f56bfc062723c751e8b465ee728b)  -> (artifact id: 'b0c611848a8389061a657f7e71d7ba04') in 0.022881 seconds
  Import took 0.026850 seconds .

========================================================================
Received Import Request.
  Time since last request: 541.225251 seconds.
  path: Assets/HighQualityBricks&Walls/Images/brick-807728/brick-807728-rotated.png
  artifactKey: Guid(751af089d7ce0ce49b8ef134f3936796) Importer(815301076,1909f56bfc062723c751e8b465ee728b)
Start importing Assets/HighQualityBricks&Walls/Images/brick-807728/brick-807728-rotated.png using Guid(751af089d7ce0ce49b8ef134f3936796) Importer(815301076,1909f56bfc062723c751e8b465ee728b)  -> (artifact id: '063f7a4a5c92cca306361d474784ee5d') in 0.033705 seconds
  Import took 0.037974 seconds .

========================================================================
Received Import Request.
  Time since last request: 0.000253 seconds.
  path: Assets/HighQualityBricks&Walls/Images/brick-807728/brick-807728.png
  artifactKey: Guid(96bb926b90b82744693ee966a9a1b5a7) Importer(815301076,1909f56bfc062723c751e8b465ee728b)
Start importing Assets/HighQualityBricks&Walls/Images/brick-807728/brick-807728.png using Guid(96bb926b90b82744693ee966a9a1b5a7) Importer(815301076,1909f56bfc062723c751e8b465ee728b)  -> (artifact id: '3f051deab0ae9332d50a92fdcf9149cf') in 0.015163 seconds
  Import took 0.019276 seconds .

========================================================================
Received Import Request.
  Time since last request: 240.841305 seconds.
  path: Assets/HighQualityBricks&Walls/Images/brick-807728/brick-807728_normal-rot.png
  artifactKey: Guid(d8b9f35cfdad90c44a698d9d9116661f) Importer(815301076,1909f56bfc062723c751e8b465ee728b)
Start importing Assets/HighQualityBricks&Walls/Images/brick-807728/brick-807728_normal-rot.png using Guid(d8b9f35cfdad90c44a698d9d9116661f) Importer(815301076,1909f56bfc062723c751e8b465ee728b)  -> (artifact id: 'c4a21996a0c571a94dc8cf98cdfea124') in 0.036391 seconds
  Import took 0.041751 seconds .

========================================================================
Received Import Request.
  Time since last request: 0.000280 seconds.
  path: Assets/HighQualityBricks&Walls/Images/brick-807728/brick-807728_specular-rot.png
  artifactKey: Guid(08d6fa2ff1409b141bd679d24866ab76) Importer(815301076,1909f56bfc062723c751e8b465ee728b)
Start importing Assets/HighQualityBricks&Walls/Images/brick-807728/brick-807728_specular-rot.png using Guid(08d6fa2ff1409b141bd679d24866ab76) Importer(815301076,1909f56bfc062723c751e8b465ee728b)  -> (artifact id: 'be4294205fd83bca8720f27c9b052db7') in 0.033146 seconds
  Import took 0.037757 seconds .

========================================================================
Received Import Request.
  Time since last request: 17.760068 seconds.
  path: Assets/HighQualityBricks&Walls/Images/brick-807728/brick-807728_normal-rot.png
  artifactKey: Guid(d8b9f35cfdad90c44a698d9d9116661f) Importer(815301076,1909f56bfc062723c751e8b465ee728b)
Start importing Assets/HighQualityBricks&Walls/Images/brick-807728/brick-807728_normal-rot.png using Guid(d8b9f35cfdad90c44a698d9d9116661f) Importer(815301076,1909f56bfc062723c751e8b465ee728b)  -> (artifact id: 'e35d35b08c222518d56667969b8c8a2a') in 0.027991 seconds
  Import took 0.032100 seconds .

========================================================================
Received Import Request.
  Time since last request: 465.437469 seconds.
  path: Assets/Scripts
  artifactKey: Guid(05bfdf748b8b9624a85aaaf0a5ce8b4f) Importer(815301076,1909f56bfc062723c751e8b465ee728b)
Start importing Assets/Scripts using Guid(05bfdf748b8b9624a85aaaf0a5ce8b4f) Importer(815301076,1909f56bfc062723c751e8b465ee728b)  -> (artifact id: 'ab1188957707bdabdb0bb0e123197301') in 0.008732 seconds
  Import took 0.013228 seconds .

========================================================================
Received Import Request.
  Time since last request: 46.932492 seconds.
  path: Assets/HighQualityBricks&Walls/Images/brick-807728/brick-807728-rotated.png
  artifactKey: Guid(751af089d7ce0ce49b8ef134f3936796) Importer(815301076,1909f56bfc062723c751e8b465ee728b)
Start importing Assets/HighQualityBricks&Walls/Images/brick-807728/brick-807728-rotated.png using Guid(751af089d7ce0ce49b8ef134f3936796) Importer(815301076,1909f56bfc062723c751e8b465ee728b)  -> (artifact id: '50c1451289cdff553b78715f9d442f5a') in 0.017922 seconds
  Import took 0.021029 seconds .

========================================================================
Received Import Request.
  Time since last request: 44.176596 seconds.
  path: Assets/EnemyMove.cs
  artifactKey: Guid(1aa61313d96b6c14bbb811254c32f787) Importer(815301076,1909f56bfc062723c751e8b465ee728b)
Start importing Assets/EnemyMove.cs using Guid(1aa61313d96b6c14bbb811254c32f787) Importer(815301076,1909f56bfc062723c751e8b465ee728b)  -> (artifact id: '5e431e41d2446fb2846ef7fbdb6a4fb1') in 0.013015 seconds
  Import took 0.017368 seconds .

========================================================================
Received Import Request.
  Time since last request: 0.002789 seconds.
  path: Assets/EnemyMove.cs
  artifactKey: Guid(1aa61313d96b6c14bbb811254c32f787) Importer(815301076,1909f56bfc062723c751e8b465ee728b)
Start importing Assets/EnemyMove.cs using Guid(1aa61313d96b6c14bbb811254c32f787) Importer(815301076,1909f56bfc062723c751e8b465ee728b)  -> (artifact id: '5e431e41d2446fb2846ef7fbdb6a4fb1') in 0.002685 seconds
  Import took 0.005497 seconds .

